<?xml version="1.0" encoding="UTF-8"?>
<testsuite name="Academy Choucair" tests="1" skipped="0" failures="0" errors="0" timestamp="2021-08-06T00:28:32" hostname="LAPTOP-19KKMKUD" time="25.67">
  <properties/>
  <testcase name="Search for a automation course" classname="Academy Choucair" time="25.67"/>
  <system-out><![CDATA[]]></system-out>
  <system-err><![CDATA[[Test worker] WARN net.thucydides.core.steps.BaseStepListener - stepStarted: net.thucydides.core.steps.ExecutedStepDescription@3459b4d6
[Test worker] WARN net.thucydides.core.steps.BaseStepListener - stepStarted: net.thucydides.core.steps.ExecutedStepDescription@96968e5
[Test worker] WARN net.thucydides.core.steps.BaseStepListener - stepStarted: net.thucydides.core.steps.ExecutedStepDescription@498f0787
ago 05, 2021 7:28:33 PM org.openqa.selenium.remote.DesiredCapabilities chrome
INFORMACIÓN: Using `new ChromeOptions()` is preferred to `DesiredCapabilities.chrome()`
[Test worker] INFO net.serenitybdd.core.webdriver.driverproviders.ProvideNewDriver - Instantiating driver
[Test worker] INFO net.serenitybdd.core.webdriver.driverproviders.ProvideNewDriver - Driver capabilities: Capabilities {acceptInsecureCerts: false, browserName: chrome, chrome.switches: --start-maximized, goog:chromeOptions: {args: [--start-maximized], extensions: []}, loggingPrefs: org.openqa.selenium.logging..., platform: ANY, version: }
Starting ChromeDriver 92.0.4515.107 (87a818b10553a07434ea9e2b6dccf3cbe7895134-refs/branch-heads/4515@{#1634}) on port 27326
Only local connections are allowed.
Please see https://chromedriver.chromium.org/security-considerations for suggestions on keeping ChromeDriver safe.
ChromeDriver was started successfully.
ago 05, 2021 7:28:36 PM org.openqa.selenium.remote.ProtocolHandshake createSession
INFORMACIÓN: Detected dialect: W3C
[Test worker] WARN net.thucydides.core.steps.BaseStepListener - stepFinished: current outcome:Search for a automation course:Given than Gabriel want to learn automation at the academy Choucair
| strUser | strPassword |
| 1024577943 | Choucair2021* | [Gabriel open up [Gabriel opens the Choucair academy page]]
[Test worker] WARN net.thucydides.core.steps.BaseStepListener - stepFinished: current outcome:Search for a automation course:Given than Gabriel want to learn automation at the academy Choucair
| strUser | strPassword |
| 1024577943 | Choucair2021* | [Gabriel open up [Gabriel opens the Choucair academy page]]
[Test worker] WARN net.thucydides.core.steps.BaseStepListener - stepStarted: net.thucydides.core.steps.ExecutedStepDescription@12215116
[Test worker] WARN net.thucydides.core.steps.BaseStepListener - stepStarted: net.thucydides.core.steps.ExecutedStepDescription@2ee71a2
[Test worker] WARN net.thucydides.core.steps.BaseStepListener - stepFinished: current outcome:Search for a automation course:Given than Gabriel want to learn automation at the academy Choucair
| strUser | strPassword |
| 1024577943 | Choucair2021* | [Gabriel open up [Gabriel opens the Choucair academy page], Gabriel login [Gabriel clicks on Button that show us the form to Login ]]
[Test worker] WARN net.thucydides.core.steps.BaseStepListener - stepStarted: net.thucydides.core.steps.ExecutedStepDescription@213f2eb0
[Test worker] WARN net.thucydides.core.steps.BaseStepListener - stepFinished: current outcome:Search for a automation course:Given than Gabriel want to learn automation at the academy Choucair
| strUser | strPassword |
| 1024577943 | Choucair2021* | [Gabriel open up [Gabriel opens the Choucair academy page], Gabriel login [Gabriel clicks on Button that show us the form to Login , Gabriel enters '1024577943' into  where do we write the user]]
[Test worker] WARN net.thucydides.core.steps.BaseStepListener - stepStarted: net.thucydides.core.steps.ExecutedStepDescription@c3a3f90
[Test worker] WARN net.thucydides.core.steps.BaseStepListener - stepFinished: current outcome:Search for a automation course:Given than Gabriel want to learn automation at the academy Choucair
| strUser | strPassword |
| 1024577943 | Choucair2021* | [Gabriel open up [Gabriel opens the Choucair academy page], Gabriel login [Gabriel clicks on Button that show us the form to Login , Gabriel enters '1024577943' into  where do we write the user, Gabriel enters 'Choucair2021*' into  where do we write the password ]]
[Test worker] WARN net.thucydides.core.steps.BaseStepListener - stepStarted: net.thucydides.core.steps.ExecutedStepDescription@1aa10a47
[Test worker] WARN net.thucydides.core.steps.BaseStepListener - stepFinished: current outcome:Search for a automation course:Given than Gabriel want to learn automation at the academy Choucair
| strUser | strPassword |
| 1024577943 | Choucair2021* | [Gabriel open up [Gabriel opens the Choucair academy page], Gabriel login [Gabriel clicks on Button that show us the form to Login , Gabriel enters '1024577943' into  where do we write the user, Gabriel enters 'Choucair2021*' into  where do we write the password , Gabriel clicks on Button to confirm Login ]]
[Test worker] WARN net.thucydides.core.steps.BaseStepListener - stepFinished: current outcome:Search for a automation course:Given than Gabriel want to learn automation at the academy Choucair
| strUser | strPassword |
| 1024577943 | Choucair2021* | [Gabriel open up [Gabriel opens the Choucair academy page], Gabriel login [Gabriel clicks on Button that show us the form to Login , Gabriel enters '1024577943' into  where do we write the user, Gabriel enters 'Choucair2021*' into  where do we write the password , Gabriel clicks on Button to confirm Login ]]
[Test worker] WARN net.thucydides.core.steps.BaseStepListener - stepFinished: current outcome:Search for a automation course:Given than Gabriel want to learn automation at the academy Choucair
| strUser | strPassword |
| 1024577943 | Choucair2021* | [Gabriel open up [Gabriel opens the Choucair academy page], Gabriel login [Gabriel clicks on Button that show us the form to Login , Gabriel enters '1024577943' into  where do we write the user, Gabriel enters 'Choucair2021*' into  where do we write the password , Gabriel clicks on Button to confirm Login ]]
[Test worker] WARN net.thucydides.core.steps.BaseStepListener - stepStarted: net.thucydides.core.steps.ExecutedStepDescription@659a2d91
[Test worker] WARN net.thucydides.core.steps.BaseStepListener - stepStarted: net.thucydides.core.steps.ExecutedStepDescription@59194f42
[Test worker] WARN net.thucydides.core.steps.BaseStepListener - stepStarted: net.thucydides.core.steps.ExecutedStepDescription@7af89dfe
[Test worker] WARN net.thucydides.core.steps.BaseStepListener - stepFinished: current outcome:Search for a automation course:Given than Gabriel want to learn automation at the academy Choucair
| strUser | strPassword |
| 1024577943 | Choucair2021* | [Gabriel open up [Gabriel opens the Choucair academy page], Gabriel login [Gabriel clicks on Button that show us the form to Login , Gabriel enters '1024577943' into  where do we write the user, Gabriel enters 'Choucair2021*' into  where do we write the password , Gabriel clicks on Button to confirm Login ]], When he search for the course  on the Choucair academy platform
| strCourse |
| Guias Tecnicas Analista Financial | [Gabriel search [Gabriel clicks on  Button to search courses ]]
[Test worker] WARN net.thucydides.core.steps.BaseStepListener - stepStarted: net.thucydides.core.steps.ExecutedStepDescription@7aca00f1
[Test worker] WARN net.thucydides.core.steps.BaseStepListener - stepFinished: current outcome:Search for a automation course:Given than Gabriel want to learn automation at the academy Choucair
| strUser | strPassword |
| 1024577943 | Choucair2021* | [Gabriel open up [Gabriel opens the Choucair academy page], Gabriel login [Gabriel clicks on Button that show us the form to Login , Gabriel enters '1024577943' into  where do we write the user, Gabriel enters 'Choucair2021*' into  where do we write the password , Gabriel clicks on Button to confirm Login ]], When he search for the course  on the Choucair academy platform
| strCourse |
| Guias Tecnicas Analista Financial | [Gabriel search [Gabriel clicks on  Button to search courses , Gabriel enters 'Guias Tecnicas Analista Financial' into  Search courses ]]
[Test worker] WARN net.thucydides.core.steps.BaseStepListener - stepStarted: net.thucydides.core.steps.ExecutedStepDescription@763d092b
[Test worker] WARN net.thucydides.core.steps.BaseStepListener - stepFinished: current outcome:Search for a automation course:Given than Gabriel want to learn automation at the academy Choucair
| strUser | strPassword |
| 1024577943 | Choucair2021* | [Gabriel open up [Gabriel opens the Choucair academy page], Gabriel login [Gabriel clicks on Button that show us the form to Login , Gabriel enters '1024577943' into  where do we write the user, Gabriel enters 'Choucair2021*' into  where do we write the password , Gabriel clicks on Button to confirm Login ]], When he search for the course  on the Choucair academy platform
| strCourse |
| Guias Tecnicas Analista Financial | [Gabriel search [Gabriel clicks on  Button to search courses , Gabriel enters 'Guias Tecnicas Analista Financial' into  Search courses , Gabriel clicks on  Button to search course Guias Tecnicas Analista Financial ]]
[Test worker] WARN net.thucydides.core.steps.BaseStepListener - stepStarted: net.thucydides.core.steps.ExecutedStepDescription@42e2ec86
[Test worker] WARN net.thucydides.core.steps.BaseStepListener - stepFinished: current outcome:Search for a automation course:Given than Gabriel want to learn automation at the academy Choucair
| strUser | strPassword |
| 1024577943 | Choucair2021* | [Gabriel open up [Gabriel opens the Choucair academy page], Gabriel login [Gabriel clicks on Button that show us the form to Login , Gabriel enters '1024577943' into  where do we write the user, Gabriel enters 'Choucair2021*' into  where do we write the password , Gabriel clicks on Button to confirm Login ]], When he search for the course  on the Choucair academy platform
| strCourse |
| Guias Tecnicas Analista Financial | [Gabriel search [Gabriel clicks on  Button to search courses , Gabriel enters 'Guias Tecnicas Analista Financial' into  Search courses , Gabriel clicks on  Button to search course Guias Tecnicas Analista Financial , Gabriel clicks on  Button go to course Guias Tecnicas Analista Financial ]]
[Test worker] WARN net.thucydides.core.steps.BaseStepListener - stepFinished: current outcome:Search for a automation course:Given than Gabriel want to learn automation at the academy Choucair
| strUser | strPassword |
| 1024577943 | Choucair2021* | [Gabriel open up [Gabriel opens the Choucair academy page], Gabriel login [Gabriel clicks on Button that show us the form to Login , Gabriel enters '1024577943' into  where do we write the user, Gabriel enters 'Choucair2021*' into  where do we write the password , Gabriel clicks on Button to confirm Login ]], When he search for the course  on the Choucair academy platform
| strCourse |
| Guias Tecnicas Analista Financial | [Gabriel search [Gabriel clicks on  Button to search courses , Gabriel enters 'Guias Tecnicas Analista Financial' into  Search courses , Gabriel clicks on  Button to search course Guias Tecnicas Analista Financial , Gabriel clicks on  Button go to course Guias Tecnicas Analista Financial ]]
[Test worker] WARN net.thucydides.core.steps.BaseStepListener - stepFinished: current outcome:Search for a automation course:Given than Gabriel want to learn automation at the academy Choucair
| strUser | strPassword |
| 1024577943 | Choucair2021* | [Gabriel open up [Gabriel opens the Choucair academy page], Gabriel login [Gabriel clicks on Button that show us the form to Login , Gabriel enters '1024577943' into  where do we write the user, Gabriel enters 'Choucair2021*' into  where do we write the password , Gabriel clicks on Button to confirm Login ]], When he search for the course  on the Choucair academy platform
| strCourse |
| Guias Tecnicas Analista Financial | [Gabriel search [Gabriel clicks on  Button to search courses , Gabriel enters 'Guias Tecnicas Analista Financial' into  Search courses , Gabriel clicks on  Button to search course Guias Tecnicas Analista Financial , Gabriel clicks on  Button go to course Guias Tecnicas Analista Financial ]]
[Test worker] WARN net.thucydides.core.steps.BaseStepListener - stepStarted: net.thucydides.core.steps.ExecutedStepDescription@4edb9ace
[Test worker] WARN net.thucydides.core.steps.BaseStepListener - stepStarted: net.thucydides.core.steps.ExecutedStepDescription@2c5dfa02
[Test worker] WARN net.thucydides.core.steps.BaseStepListener - stepFinished: current outcome:Search for a automation course:Given than Gabriel want to learn automation at the academy Choucair
| strUser | strPassword |
| 1024577943 | Choucair2021* | [Gabriel open up [Gabriel opens the Choucair academy page], Gabriel login [Gabriel clicks on Button that show us the form to Login , Gabriel enters '1024577943' into  where do we write the user, Gabriel enters 'Choucair2021*' into  where do we write the password , Gabriel clicks on Button to confirm Login ]], When he search for the course  on the Choucair academy platform
| strCourse |
| Guias Tecnicas Analista Financial | [Gabriel search [Gabriel clicks on  Button to search courses , Gabriel enters 'Guias Tecnicas Analista Financial' into  Search courses , Gabriel clicks on  Button to search course Guias Tecnicas Analista Financial , Gabriel clicks on  Button go to course Guias Tecnicas Analista Financial ]], Then he finds the course called
| strCourseName |
| Guías Técnicas - Analista Financial | [Then answer]
[Test worker] WARN net.thucydides.core.steps.BaseStepListener - stepFinished: current outcome:Search for a automation course:Given than Gabriel want to learn automation at the academy Choucair
| strUser | strPassword |
| 1024577943 | Choucair2021* | [Gabriel open up [Gabriel opens the Choucair academy page], Gabriel login [Gabriel clicks on Button that show us the form to Login , Gabriel enters '1024577943' into  where do we write the user, Gabriel enters 'Choucair2021*' into  where do we write the password , Gabriel clicks on Button to confirm Login ]], When he search for the course  on the Choucair academy platform
| strCourse |
| Guias Tecnicas Analista Financial | [Gabriel search [Gabriel clicks on  Button to search courses , Gabriel enters 'Guias Tecnicas Analista Financial' into  Search courses , Gabriel clicks on  Button to search course Guias Tecnicas Analista Financial , Gabriel clicks on  Button go to course Guias Tecnicas Analista Financial ]], Then he finds the course called
| strCourseName |
| Guías Técnicas - Analista Financial | [Then answer]
[Test worker] WARN net.thucydides.core.steps.BaseStepListener - testFinished: Search for a automation course:Given than Gabriel want to learn automation at the academy Choucair
| strUser | strPassword |
| 1024577943 | Choucair2021* | [Gabriel open up [Gabriel opens the Choucair academy page], Gabriel login [Gabriel clicks on Button that show us the form to Login , Gabriel enters '1024577943' into  where do we write the user, Gabriel enters 'Choucair2021*' into  where do we write the password , Gabriel clicks on Button to confirm Login ]], When he search for the course  on the Choucair academy platform
| strCourse |
| Guias Tecnicas Analista Financial | [Gabriel search [Gabriel clicks on  Button to search courses , Gabriel enters 'Guias Tecnicas Analista Financial' into  Search courses , Gabriel clicks on  Button to search course Guias Tecnicas Analista Financial , Gabriel clicks on  Button go to course Guias Tecnicas Analista Financial ]], Then he finds the course called
| strCourseName |
| Guías Técnicas - Analista Financial | [Then answer]
[Test worker] WARN net.thucydides.core.steps.BaseStepListener - TestOutcomes: [Search for a automation course:Given than Gabriel want to learn automation at the academy Choucair
| strUser | strPassword |
| 1024577943 | Choucair2021* | [Gabriel open up [Gabriel opens the Choucair academy page], Gabriel login [Gabriel clicks on Button that show us the form to Login , Gabriel enters '1024577943' into  where do we write the user, Gabriel enters 'Choucair2021*' into  where do we write the password , Gabriel clicks on Button to confirm Login ]], When he search for the course  on the Choucair academy platform
| strCourse |
| Guias Tecnicas Analista Financial | [Gabriel search [Gabriel clicks on  Button to search courses , Gabriel enters 'Guias Tecnicas Analista Financial' into  Search courses , Gabriel clicks on  Button to search course Guias Tecnicas Analista Financial , Gabriel clicks on  Button go to course Guias Tecnicas Analista Financial ]], Then he finds the course called
| strCourseName |
| Guías Técnicas - Analista Financial | [Then answer]]
[Test worker] WARN net.thucydides.core.steps.BaseStepListener - Final testOutcomes: [Search for a automation course:Given than Gabriel want to learn automation at the academy Choucair
| strUser | strPassword |
| 1024577943 | Choucair2021* | [Gabriel open up [Gabriel opens the Choucair academy page], Gabriel login [Gabriel clicks on Button that show us the form to Login , Gabriel enters '1024577943' into  where do we write the user, Gabriel enters 'Choucair2021*' into  where do we write the password , Gabriel clicks on Button to confirm Login ]], When he search for the course  on the Choucair academy platform
| strCourse |
| Guias Tecnicas Analista Financial | [Gabriel search [Gabriel clicks on  Button to search courses , Gabriel enters 'Guias Tecnicas Analista Financial' into  Search courses , Gabriel clicks on  Button to search course Guias Tecnicas Analista Financial , Gabriel clicks on  Button go to course Guias Tecnicas Analista Financial ]], Then he finds the course called
| strCourseName |
| Guías Técnicas - Analista Financial | [Then answer]]
[Test worker] INFO net.thucydides.core.steps.ConsoleLoggingListener - 
        __    _____ _____ ____ _____   ____   _    ____  ____  _____ ____  
  _     \ \  |_   _| ____/ ___|_   _| |  _ \ / \  / ___|/ ___|| ____|  _ \ 
 (_)_____| |   | | |  _| \___ \ | |   | |_) / _ \ \___ \\___ \|  _| | | | |
  _|_____| |   | | | |___ ___) || |   |  __/ ___ \ ___) |___) | |___| |_| |
 (_)     | |   |_| |_____|____/ |_|   |_| /_/   \_\____/|____/|_____|____/ 
        /_/                                                                

TEST PASSED: Search for a automation course
----------------------------------------------------------------------------
]]></system-err>
</testsuite>
